<?xml version="1.0" encoding="UTF-8"?>
<!-- Generated by org.testng.reporters.JUnitReportReporter -->
<testsuite hostname="Shahnawaz-PC" name="com.pack.two.TestB" tests="2" failures="0" timestamp="29 Sep 2016 16:12:02 GMT" time="0.000" errors="0">
  <testcase name="testTwo" time="0.000" classname="com.pack.two.TestB"/>
  <testcase name="testOne" time="0.000" classname="com.pack.two.TestB"/>
</testsuite> <!-- com.pack.two.TestB -->
